library/build/intermediates/manifest_merge_blame_file/debug/manifest-merger-blame-debug-report.txt
1<?xml version="1.0" encoding="utf-8"?>
2<manifest xmlns:android="http://schemas.android.com/apk/res/android"
3    package="com.bumptech.glide"
4    android:versionName="4.12.0-SNAPSHOT" >
5
6    <uses-sdk
7        android:minSdkVersion="14"
7-->src\main\AndroidManifest.xml
8        android:targetSdkVersion="28" />
8-->src\main\AndroidManifest.xml
9
10    <application />
10-->src\main\AndroidManifest.xml:4:3-17
11
12</manifest>